<?xml version="1.0" encoding="UTF-8"?>
<!-- Generated by org.testng.reporters.JUnitReportReporter -->
<testsuite skipped="0" hostname="DESKTOP-JEV6767" name="com.qa.test.ResgisterNewUser" tests="1" failures="0" timestamp="13 Feb 2020 02:09:15 GMT" time="3.218" errors="0">
  <testcase name="registerNewMember" time="3.218" classname="com.qa.test.ResgisterNewUser"/>
</testsuite> <!-- com.qa.test.ResgisterNewUser -->
