<?xml version="1.0" encoding="UTF-8"?>
<!-- Generated by org.testng.reporters.JUnitReportReporter -->
<testsuite skipped="0" hostname="DESKTOP-JEV6767" name="com.qa.test.WeatherUpdate" tests="1" failures="0" timestamp="13 Feb 2020 01:39:46 GMT" time="2.569" errors="0">
  <testcase name="updateWeather" time="2.569" classname="com.qa.test.WeatherUpdate"/>
</testsuite> <!-- com.qa.test.WeatherUpdate -->
